<?xml version="1.0" encoding="UTF-8"?>
<!-- Generated by org.testng.reporters.JUnitReportReporter -->
<testsuite hostname="MSI" failures="0" tests="1" name="AmazonTestCases.TestCases" time="22.989" errors="0" timestamp="2024-08-12T21:25:59 IST" skipped="0">
  <testcase classname="AmazonTestCases.TestCases" name="TC02" time="22.989"/>
</testsuite> <!-- AmazonTestCases.TestCases -->
